<?xml version="1.0" encoding="UTF-8"?>
<!-- Generated by org.testng.reporters.JUnitXMLReporter -->
<testsuite ignored="0" hostname="32-training95" failures="0" tests="7" name="Test" time="214.787" errors="0" timestamp="2020-10-08T11:58:48 EDT">
  <testcase classname="loginLogout.AzureLogin" name="azureLogin" time="26.485"/>
  <testcase classname="loginLogout.AzureLoginLogout" name="azureLoginLogout" time="42.32"/>
  <testcase classname="loginLogout.FormLogin" name="formLogin" time="15.561"/>
  <testcase classname="loginLogout.FormLoginLogout" name="formLoginLogout" time="18.608"/>
  <testcase classname="loginLogout.FormRegistration" name="formRegistration" time="17.785"/>
  <testcase classname="pages.Home_AzureLogin" name="navigateToHomePage" time="2.093"/>
  <testcase classname="pages.Home_FormLogin" name="navigateToHomePage" time="2.089"/>
</testsuite> <!-- Test -->
